0 info it worked if it ends with ok
1 verbose cli [ 'C:\\Program Files\\nodejs\\node.exe',
1 verbose cli   'C:\\Program Files\\nodejs\\node_modules\\npm\\bin\\npm-cli.js',
1 verbose cli   'run',
1 verbose cli   'bundle' ]
2 info using npm@3.10.10
3 info using node@v6.11.0
4 verbose run-script [ 'prebundle', 'bundle', 'postbundle' ]
5 info lifecycle cliented@1.0.0~prebundle: cliented@1.0.0
6 silly lifecycle cliented@1.0.0~prebundle: no script for prebundle, continuing
7 info lifecycle cliented@1.0.0~bundle: cliented@1.0.0
8 verbose lifecycle cliented@1.0.0~bundle: unsafe-perm in lifecycle true
9 verbose lifecycle cliented@1.0.0~bundle: PATH: C:\Program Files\nodejs\node_modules\npm\bin\node-gyp-bin;C:\Users\HP\Desktop\andela23\postit-app\cliented\node_modules\.bin;C:\Users\HP\bin;C:\Program Files\Git\mingw32\bin;C:\Program Files\Git\usr\local\bin;C:\Program Files\Git\usr\bin;C:\Program Files\Git\usr\bin;C:\Program Files\Git\mingw32\bin;C:\Program Files\Git\usr\bin;C:\Users\HP\bin;C:\Program Files\Pervasive Software\PSQL\bin;C:\Windows\system32;C:\Windows;C:\Windows\System32\Wbem;C:\Windows\System32\WindowsPowerShell\v1.0;C:\Program Files\Skype\Phone;C:\Program Files\nodejs;V5.00;C:\Windows\LHSP;C:\Users\HP\AppData\Roaming\npm;C:\Program Files\Heroku\bin;C:\Program Files\Git\usr\bin\vendor_perl;C:\Program Files\Git\usr\bin\core_perl
10 verbose lifecycle cliented@1.0.0~bundle: CWD: C:\Users\HP\Desktop\andela23\postit-app\cliented
11 silly lifecycle cliented@1.0.0~bundle: Args: [ '/d /s /c', 'webpack' ]
12 silly lifecycle cliented@1.0.0~bundle: Returned: code: 4294967295  signal: null
13 info lifecycle cliented@1.0.0~bundle: Failed to exec bundle script
14 verbose stack Error: cliented@1.0.0 bundle: `webpack`
14 verbose stack Exit status 4294967295
14 verbose stack     at EventEmitter.<anonymous> (C:\Program Files\nodejs\node_modules\npm\lib\utils\lifecycle.js:255:16)
14 verbose stack     at emitTwo (events.js:106:13)
14 verbose stack     at EventEmitter.emit (events.js:191:7)
14 verbose stack     at ChildProcess.<anonymous> (C:\Program Files\nodejs\node_modules\npm\lib\utils\spawn.js:40:14)
14 verbose stack     at emitTwo (events.js:106:13)
14 verbose stack     at ChildProcess.emit (events.js:191:7)
14 verbose stack     at maybeClose (internal/child_process.js:891:16)
14 verbose stack     at Process.ChildProcess._handle.onexit (internal/child_process.js:226:5)
15 verbose pkgid cliented@1.0.0
16 verbose cwd C:\Users\HP\Desktop\andela23\postit-app\cliented
17 error Windows_NT 6.1.7601
18 error argv "C:\\Program Files\\nodejs\\node.exe" "C:\\Program Files\\nodejs\\node_modules\\npm\\bin\\npm-cli.js" "run" "bundle"
19 error node v6.11.0
20 error npm  v3.10.10
21 error code ELIFECYCLE
22 error cliented@1.0.0 bundle: `webpack`
22 error Exit status 4294967295
23 error Failed at the cliented@1.0.0 bundle script 'webpack'.
23 error Make sure you have the latest version of node.js and npm installed.
23 error If you do, this is most likely a problem with the cliented package,
23 error not with npm itself.
23 error Tell the author that this fails on your system:
23 error     webpack
23 error You can get information on how to open an issue for this project with:
23 error     npm bugs cliented
23 error Or if that isn't available, you can get their info via:
23 error     npm owner ls cliented
23 error There is likely additional logging output above.
24 verbose exit [ 1, true ]
